0 info it worked if it ends with ok
1 verbose cli [ '/Users/ko100v/.nvm/versions/node/v5.5.0/bin/node',
1 verbose cli   '/Users/ko100v/.nvm/versions/node/v5.5.0/bin/npm',
1 verbose cli   'run',
1 verbose cli   'dev' ]
2 info using npm@3.3.12
3 info using node@v5.5.0
4 verbose run-script [ 'predev', 'dev', 'postdev' ]
5 info lifecycle bgrazpisanie@0.0.1~predev: bgrazpisanie@0.0.1
6 silly lifecycle bgrazpisanie@0.0.1~predev: no script for predev, continuing
7 info lifecycle bgrazpisanie@0.0.1~dev: bgrazpisanie@0.0.1
8 verbose lifecycle bgrazpisanie@0.0.1~dev: unsafe-perm in lifecycle true
9 verbose lifecycle bgrazpisanie@0.0.1~dev: PATH: /Users/ko100v/.nvm/versions/node/v5.5.0/lib/node_modules/npm/bin/node-gyp-bin:/Users/ko100v/Projects/super-live-chat/node_modules/.bin:/Users/ko100v/.rvm/gems/ruby-2.2.1/bin:/Users/ko100v/.rvm/gems/ruby-2.2.1@global/bin:/Users/ko100v/.rvm/rubies/ruby-2.2.1/bin:/Users/ko100v/.nvm/versions/node/v5.5.0/bin:/usr/local/heroku/bin:/usr/local/bin:/usr/bin:/bin:/usr/sbin:/sbin:/Users/ko100v/.rvm/gems/ruby-2.2.1/bin:/Users/ko100v/.rvm/gems/ruby-2.2.1@global/bin:/Users/ko100v/.rvm/rubies/ruby-2.2.1/bin:/usr/local/heroku/bin:/Users/ko100v/.rvm/bin:/Users/ko100v/.rvm/gems/ruby-2.2.1/bin:/Users/ko100v/.rvm/gems/ruby-2.2.1@global/bin:/Users/ko100v/.rvm/rubies/ruby-2.2.1/bin:/usr/local/heroku/bin:/usr/local/bin:/usr/bin:/bin:/usr/sbin:/sbin:/Users/ko100v/.rvm/bin:/Users/ko100v/.rvm/bin
10 verbose lifecycle bgrazpisanie@0.0.1~dev: CWD: /Users/ko100v/Projects/super-live-chat
11 silly lifecycle bgrazpisanie@0.0.1~dev: Args: [ '-c', 'webpack-dev-server --config webpack.config.babel.js' ]
12 silly lifecycle bgrazpisanie@0.0.1~dev: Returned: code: 1  signal: null
13 info lifecycle bgrazpisanie@0.0.1~dev: Failed to exec dev script
14 verbose stack Error: bgrazpisanie@0.0.1 dev: `webpack-dev-server --config webpack.config.babel.js`
14 verbose stack Exit status 1
14 verbose stack     at EventEmitter.<anonymous> (/Users/ko100v/.nvm/versions/node/v5.5.0/lib/node_modules/npm/lib/utils/lifecycle.js:232:16)
14 verbose stack     at emitTwo (events.js:100:13)
14 verbose stack     at EventEmitter.emit (events.js:185:7)
14 verbose stack     at ChildProcess.<anonymous> (/Users/ko100v/.nvm/versions/node/v5.5.0/lib/node_modules/npm/lib/utils/spawn.js:24:14)
14 verbose stack     at emitTwo (events.js:100:13)
14 verbose stack     at ChildProcess.emit (events.js:185:7)
14 verbose stack     at maybeClose (internal/child_process.js:821:16)
14 verbose stack     at Process.ChildProcess._handle.onexit (internal/child_process.js:211:5)
15 verbose pkgid bgrazpisanie@0.0.1
16 verbose cwd /Users/ko100v/Projects/super-live-chat
17 error Darwin 15.4.0
18 error argv "/Users/ko100v/.nvm/versions/node/v5.5.0/bin/node" "/Users/ko100v/.nvm/versions/node/v5.5.0/bin/npm" "run" "dev"
19 error node v5.5.0
20 error npm  v3.3.12
21 error code ELIFECYCLE
22 error bgrazpisanie@0.0.1 dev: `webpack-dev-server --config webpack.config.babel.js`
22 error Exit status 1
23 error Failed at the bgrazpisanie@0.0.1 dev script 'webpack-dev-server --config webpack.config.babel.js'.
23 error Make sure you have the latest version of node.js and npm installed.
23 error If you do, this is most likely a problem with the bgrazpisanie package,
23 error not with npm itself.
23 error Tell the author that this fails on your system:
23 error     webpack-dev-server --config webpack.config.babel.js
23 error You can get their info via:
23 error     npm owner ls bgrazpisanie
23 error There is likely additional logging output above.
24 verbose exit [ 1, true ]
